2026-04-07 22:51:10,856 - WARNING - Ошибка в строке 2: Не найдено две валюты в кавычках в строке: 'Плохая строка без кавычек и дат'
2026-04-07 22:51:10,857 - WARNING - Ошибка в строке 4: Не найден числовой курс в строке: 'Тут нет курса "GBP" "RUB" 2026.04.01'
2026-04-09 00:03:26,285 - WARNING - Ошибка в строке 2: Не найдено две валюты в кавычках в строке: 'Плохая строка без кавычек и дат'
2026-04-09 00:03:26,285 - WARNING - Ошибка в строке 4: Не найден числовой курс в строке: 'Тут нет курса "GBP" "RUB" 2026.04.01'
2026-04-09 00:05:15,279 - WARNING - Ошибка в строке 2: Не найдено две валюты в кавычках в строке: 'Плохая строка без кавычек и дат'
2026-04-09 00:05:15,279 - WARNING - Ошибка в строке 4: Не найден числовой курс в строке: 'Тут нет курса "GBP" "RUB" 2026.04.01'
2026-04-09 00:31:47,435 - WARNING - Ошибка парсинга: Не найдено две валюты в кавычках в строке: 'sds'
2026-04-09 00:32:03,104 - WARNING - Ошибка парсинга: Не найдено две валюты в кавычках в строке: 'Плохая строка без кавычек и дат'
2026-04-09 00:32:03,106 - WARNING - Ошибка парсинга: Не найдена корректная дата (гггг.мм.дд) в строке: 'Курс "USD" "RUB" 75.5 2026-02-25'
2026-04-09 00:32:03,106 - WARNING - Ошибка парсинга: Не найдено две валюты в кавычках в строке: 'Курс USD "RUB" 75.5 2026.02.25'
2026-04-09 00:32:03,106 - WARNING - Ошибка парсинга: Не найден числовой курс в строке: 'Курс "USD" "RUB" abc 2026.02.25'
2026-04-09 00:37:40,927 - WARNING - Ошибка парсинга: Не найдено две валюты в кавычках в строке: 'Плохая строка без кавычек и дат'
2026-04-09 00:37:40,927 - WARNING - Ошибка парсинга: Не найден числовой курс в строке: 'Тут нет курса "GBP" "RUB" 2026.04.01'
2026-04-09 00:37:40,927 - WARNING - Ошибка парсинга: Не найдена корректная дата (гггг.мм.дд) в строке: 'Курс "USD" "RUB" 75.5 2026-02-25'
2026-04-09 00:37:40,927 - WARNING - Ошибка парсинга: Не найдено две валюты в кавычках в строке: 'Курс USD "RUB" 75.5 2026.02.25'
2026-04-09 00:37:40,928 - WARNING - Ошибка парсинга: Не найден числовой курс в строке: 'Курс "USD" "RUB" abc 2026.02.25'
2026-04-16 08:52:48,015 - WARNING - Ошибка парсинга: Не найдено две валюты в кавычках в строке: 'Плохая строка без кавычек и дат'
2026-04-16 08:52:48,015 - WARNING - Ошибка парсинга: Не найден числовой курс в строке: 'Тут нет курса "GBP" "RUB" 2026.04.01'
2026-04-16 08:52:48,016 - WARNING - Ошибка парсинга: Не найдена корректная дата (гггг.мм.дд) в строке: 'Курс "USD" "RUB" 75.5 2026-02-25'
2026-04-16 08:52:48,016 - WARNING - Ошибка парсинга: Не найдено две валюты в кавычках в строке: 'Курс USD "RUB" 75.5 2026.02.25'
2026-04-16 08:52:48,016 - WARNING - Ошибка парсинга: Не найден числовой курс в строке: 'Курс "USD" "RUB" abc 2026.02.25'
2026-04-16 08:55:12,587 - WARNING - Ошибка парсинга: Не найдено две валюты в кавычках в строке: 'sdfhksdfh'
2026-04-16 08:56:06,643 - WARNING - Ошибка парсинга: Не найдено две валюты в кавычках в строке: 'sdhfgdshjf'
2026-04-16 08:56:42,509 - WARNING - Ошибка парсинга: Не найдено две валюты в кавычках в строке: '#!/bin/sh'
2026-04-16 08:56:42,509 - WARNING - Ошибка парсинга: Не найдено две валюты в кавычках в строке: '#'
2026-04-16 08:56:42,509 - WARNING - Ошибка парсинга: Не найдено две валюты в кавычках в строке: '# findssl.sh'
2026-04-16 08:56:42,509 - WARNING - Ошибка парсинга: Не найдено две валюты в кавычках в строке: '#	Search for all instances of OpenSSL headers and libraries'
2026-04-16 08:56:42,509 - WARNING - Ошибка парсинга: Не найдено две валюты в кавычках в строке: '#	and print their versions.'
2026-04-16 08:56:42,509 - WARNING - Ошибка парсинга: Не найдено две валюты в кавычках в строке: '#	Intended to help diagnose OpenSSH's "OpenSSL headers do not'
2026-04-16 08:56:42,509 - WARNING - Ошибка парсинга: Не найдено две валюты в кавычках в строке: '#	match your library" errors.'
2026-04-16 08:56:42,509 - WARNING - Ошибка парсинга: Не найдено две валюты в кавычках в строке: '#'
2026-04-16 08:56:42,509 - WARNING - Ошибка парсинга: Не найдено две валюты в кавычках в строке: '#	Written by Darren Tucker (dtucker at zip dot com dot au)'
2026-04-16 08:56:42,509 - WARNING - Ошибка парсинга: Не найдено две валюты в кавычках в строке: '#	This file is placed in the public domain.'
2026-04-16 08:56:42,509 - WARNING - Ошибка парсинга: Не найдено две валюты в кавычках в строке: '#'
2026-04-16 08:56:42,509 - WARNING - Ошибка парсинга: Не найдено две валюты в кавычках в строке: '#	Release history:'
2026-04-16 08:56:42,509 - WARNING - Ошибка парсинга: Не найдено две валюты в кавычках в строке: '#	2002-07-27: Initial release.'
2026-04-16 08:56:42,510 - WARNING - Ошибка парсинга: Не найдено две валюты в кавычках в строке: '#	2002-08-04: Added public domain notice.'
2026-04-16 08:56:42,510 - WARNING - Ошибка парсинга: Не найдено две валюты в кавычках в строке: '#	2003-06-24: Incorporated readme, set library paths. First cvs version.'
2026-04-16 08:56:42,510 - WARNING - Ошибка парсинга: Не найдено две валюты в кавычках в строке: '#	2004-12-13: Add traps to cleanup temp files, from Amarendra Godbole.'
2026-04-16 08:56:42,510 - WARNING - Ошибка парсинга: Не найдено две валюты в кавычках в строке: '#'
2026-04-16 08:56:42,510 - WARNING - Ошибка парсинга: Не найдено две валюты в кавычках в строке: '# "OpenSSL headers do not match your library" are usually caused by'
2026-04-16 08:56:42,510 - WARNING - Ошибка парсинга: Не найдено две валюты в кавычках в строке: '# OpenSSH's configure picking up an older version of OpenSSL headers'
2026-04-16 08:56:42,510 - WARNING - Ошибка парсинга: Не найдено две валюты в кавычках в строке: '# or libraries.  You can use the following # procedure to help identify'
2026-04-16 08:56:42,510 - WARNING - Ошибка парсинга: Не найдено две валюты в кавычках в строке: '# the cause.'
2026-04-16 08:56:42,510 - WARNING - Ошибка парсинга: Не найдено две валюты в кавычках в строке: '#'
2026-04-16 08:56:42,510 - WARNING - Ошибка парсинга: Не найдено две валюты в кавычках в строке: '# The  output  of  configure  will  tell you the versions of the OpenSSL'
2026-04-16 08:56:42,510 - WARNING - Ошибка парсинга: Не найдено две валюты в кавычках в строке: '# headers and libraries that were picked up, for example:'
2026-04-16 08:56:42,510 - WARNING - Ошибка парсинга: Не найдено две валюты в кавычках в строке: '#'
2026-04-16 08:56:42,510 - WARNING - Ошибка парсинга: Не найдено две валюты в кавычках в строке: '# checking OpenSSL header version... 90604f (OpenSSL 0.9.6d 9 May 2002)'
2026-04-16 08:56:42,510 - WARNING - Ошибка парсинга: Не найдено две валюты в кавычках в строке: '# checking OpenSSL library version... 90602f (OpenSSL 0.9.6b [engine] 9 Jul 2001)'
2026-04-16 08:56:42,510 - WARNING - Ошибка парсинга: Не найдено две валюты в кавычках в строке: '# checking whether OpenSSL's headers match the library... no'
2026-04-16 08:56:42,510 - WARNING - Ошибка парсинга: Не найдено две валюты в кавычках в строке: '# configure: error: Your OpenSSL headers do not match your library'
2026-04-16 08:56:42,510 - WARNING - Ошибка парсинга: Не найдено две валюты в кавычках в строке: '#'
2026-04-16 08:56:42,510 - WARNING - Ошибка парсинга: Не найдено две валюты в кавычках в строке: '# Now run findssl.sh. This should identify the headers and libraries'
2026-04-16 08:56:42,510 - WARNING - Ошибка парсинга: Не найдено две валюты в кавычках в строке: '# present  and  their  versions.  You  should  be  able  to identify the'
2026-04-16 08:56:42,511 - WARNING - Ошибка парсинга: Не найдено две валюты в кавычках в строке: '# libraries  and headers used and adjust your CFLAGS or remove incorrect'
2026-04-16 08:56:42,511 - WARNING - Ошибка парсинга: Не найдено две валюты в кавычках в строке: '# versions.  The  output will show OpenSSL's internal version identifier'
2026-04-16 08:56:42,511 - WARNING - Ошибка парсинга: Не найдено две валюты в кавычках в строке: '# and should look something like:'
2026-04-16 08:56:42,511 - WARNING - Ошибка парсинга: Не найдено две валюты в кавычках в строке: '# $ ./findssl.sh'
2026-04-16 08:56:42,511 - WARNING - Ошибка парсинга: Не найдено две валюты в кавычках в строке: '# Searching for OpenSSL header files.'
2026-04-16 08:56:42,511 - WARNING - Ошибка парсинга: Не найдено две валюты в кавычках в строке: '# 0x0090604fL /usr/include/openssl/opensslv.h'
2026-04-16 08:56:42,511 - WARNING - Ошибка парсинга: Не найдено две валюты в кавычках в строке: '# 0x0090604fL /usr/local/ssl/include/openssl/opensslv.h'
2026-04-16 08:56:42,511 - WARNING - Ошибка парсинга: Не найдено две валюты в кавычках в строке: '#'
2026-04-16 08:56:42,511 - WARNING - Ошибка парсинга: Не найдено две валюты в кавычках в строке: '# Searching for OpenSSL shared library files.'
2026-04-16 08:56:42,511 - WARNING - Ошибка парсинга: Не найдено две валюты в кавычках в строке: '# 0x0090602fL /lib/libcrypto.so.0.9.6b'
2026-04-16 08:56:42,511 - WARNING - Ошибка парсинга: Не найдено две валюты в кавычках в строке: '# 0x0090602fL /lib/libcrypto.so.2'
2026-04-16 08:56:42,511 - WARNING - Ошибка парсинга: Не найдено две валюты в кавычках в строке: '# 0x0090581fL /usr/lib/libcrypto.so.0'
2026-04-16 08:56:42,511 - WARNING - Ошибка парсинга: Не найдено две валюты в кавычках в строке: '# 0x0090602fL /usr/lib/libcrypto.so'
2026-04-16 08:56:42,511 - WARNING - Ошибка парсинга: Не найдено две валюты в кавычках в строке: '# 0x0090581fL /usr/lib/libcrypto.so.0.9.5a'
2026-04-16 08:56:42,511 - WARNING - Ошибка парсинга: Не найдено две валюты в кавычках в строке: '# 0x0090600fL /usr/lib/libcrypto.so.0.9.6'
2026-04-16 08:56:42,511 - WARNING - Ошибка парсинга: Не найдено две валюты в кавычках в строке: '# 0x0090600fL /usr/lib/libcrypto.so.1'
2026-04-16 08:56:42,511 - WARNING - Ошибка парсинга: Не найдено две валюты в кавычках в строке: '#'
2026-04-16 08:56:42,511 - WARNING - Ошибка парсинга: Не найдено две валюты в кавычках в строке: '# Searching for OpenSSL static library files.'
2026-04-16 08:56:42,511 - WARNING - Ошибка парсинга: Не найдено две валюты в кавычках в строке: '# 0x0090602fL /usr/lib/libcrypto.a'
2026-04-16 08:56:42,511 - WARNING - Ошибка парсинга: Не найдено две валюты в кавычках в строке: '# 0x0090604fL /usr/local/ssl/lib/libcrypto.a'
2026-04-16 08:56:42,511 - WARNING - Ошибка парсинга: Не найдено две валюты в кавычках в строке: '#'
2026-04-16 08:56:42,511 - WARNING - Ошибка парсинга: Не найдено две валюты в кавычках в строке: '# In  this  example, I gave configure no extra flags, so it's picking up'
2026-04-16 08:56:42,512 - WARNING - Ошибка парсинга: Не найдено две валюты в кавычках в строке: '# the  OpenSSL header from /usr/include/openssl (90604f) and the library'
2026-04-16 08:56:42,512 - WARNING - Ошибка парсинга: Не найдено две валюты в кавычках в строке: '# from /usr/lib/ (90602f).'
2026-04-16 08:56:42,512 - WARNING - Ошибка парсинга: Не найдено две валюты в кавычках в строке: '#'
2026-04-16 08:56:42,512 - WARNING - Ошибка парсинга: Не найдено две валюты в кавычках в строке: '# Adjust these to suit your compiler.'
2026-04-16 08:56:42,512 - WARNING - Ошибка парсинга: Не найдено две валюты в кавычках в строке: '# You may also need to set the *LIB*PATH environment variables if'
2026-04-16 08:56:42,512 - WARNING - Ошибка парсинга: Не найдено две валюты в кавычках в строке: '# DEFAULT_LIBPATH is not correct for your system.'
2026-04-16 08:56:42,512 - WARNING - Ошибка парсинга: Не найдено две валюты в кавычках в строке: '#'
2026-04-16 08:56:42,512 - WARNING - Ошибка парсинга: Не найдено две валюты в кавычках в строке: 'CC=gcc'
2026-04-16 08:56:42,512 - WARNING - Ошибка парсинга: Не найдено две валюты в кавычках в строке: 'STATIC=-static'
2026-04-16 08:56:42,512 - WARNING - Ошибка парсинга: Не найдено две валюты в кавычках в строке: '#'
2026-04-16 08:56:42,512 - WARNING - Ошибка парсинга: Не найдено две валюты в кавычках в строке: '# Cleanup on interrupt'
2026-04-16 08:56:42,512 - WARNING - Ошибка парсинга: Не найдено две валюты в кавычках в строке: '#'
2026-04-16 08:56:42,512 - WARNING - Ошибка парсинга: Не найдено две валюты в кавычках в строке: 'trap 'rm -f conftest.c' INT HUP TERM'
2026-04-16 08:56:42,512 - WARNING - Ошибка парсинга: Не найдено две валюты в кавычках в строке: '#'
2026-04-16 08:56:42,512 - WARNING - Ошибка парсинга: Не найдено две валюты в кавычках в строке: '# Set up conftest C source'
2026-04-16 08:56:42,512 - WARNING - Ошибка парсинга: Не найдено две валюты в кавычках в строке: '#'
2026-04-16 08:56:42,512 - WARNING - Ошибка парсинга: Не найдено две валюты в кавычках в строке: 'rm -f findssl.log'
2026-04-16 08:56:42,512 - WARNING - Ошибка парсинга: Не найдено две валюты в кавычках в строке: 'cat >conftest.c <<EOD'
2026-04-16 08:56:42,512 - WARNING - Ошибка парсинга: Не найдено две валюты в кавычках в строке: '#include <stdio.h>'
2026-04-16 08:56:42,512 - WARNING - Ошибка парсинга: Не найдено две валюты в кавычках в строке: 'int main(){printf("0x%08xL\n", SSLeay());}'
2026-04-16 08:56:42,513 - WARNING - Ошибка парсинга: Не найдено две валюты в кавычках в строке: 'EOD'
2026-04-16 08:56:42,513 - WARNING - Ошибка парсинга: Не найдено две валюты в кавычках в строке: '#'
2026-04-16 08:56:42,513 - WARNING - Ошибка парсинга: Не найдено две валюты в кавычках в строке: '# Set default library paths if not already set'
2026-04-16 08:56:42,513 - WARNING - Ошибка парсинга: Не найдено две валюты в кавычках в строке: '#'
2026-04-16 08:56:42,513 - WARNING - Ошибка парсинга: Не найдено две валюты в кавычках в строке: 'DEFAULT_LIBPATH=/usr/lib:/usr/local/lib'
2026-04-16 08:56:42,513 - WARNING - Ошибка парсинга: Не найдено две валюты в кавычках в строке: 'LIBPATH=${LIBPATH:=$DEFAULT_LIBPATH}'
2026-04-16 08:56:42,513 - WARNING - Ошибка парсинга: Не найдено две валюты в кавычках в строке: 'LD_LIBRARY_PATH=${LD_LIBRARY_PATH:=$DEFAULT_LIBPATH}'
2026-04-16 08:56:42,513 - WARNING - Ошибка парсинга: Не найдено две валюты в кавычках в строке: 'LIBRARY_PATH=${LIBRARY_PATH:=$DEFAULT_LIBPATH}'
2026-04-16 08:56:42,513 - WARNING - Ошибка парсинга: Не найдено две валюты в кавычках в строке: 'export LIBPATH LD_LIBRARY_PATH LIBRARY_PATH'
2026-04-16 08:56:42,513 - WARNING - Ошибка парсинга: Не найдено две валюты в кавычках в строке: '# not all platforms have a 'which' command'
2026-04-16 08:56:42,513 - WARNING - Ошибка парсинга: Не найдено две валюты в кавычках в строке: 'if which ls >/dev/null 2>/dev/null; then'
2026-04-16 08:56:42,513 - WARNING - Ошибка парсинга: Не найдено две валюты в кавычках в строке: ': which is defined'
2026-04-16 08:56:42,513 - WARNING - Ошибка парсинга: Не найдено две валюты в кавычках в строке: 'else'
2026-04-16 08:56:42,513 - WARNING - Ошибка парсинга: Не найдено две валюты в кавычках в строке: 'which () {'
2026-04-16 08:56:42,514 - WARNING - Ошибка парсинга: Не найдено две валюты в кавычках в строке: 'saveIFS="$IFS"'
2026-04-16 08:56:42,514 - WARNING - Ошибка парсинга: Не найдено две валюты в кавычках в строке: 'IFS=:'
2026-04-16 08:56:42,514 - WARNING - Ошибка парсинга: Не найдено две валюты в кавычках в строке: 'for p in $PATH; do'
2026-04-16 08:56:42,514 - WARNING - Ошибка парсинга: Не найдена корректная дата (гггг.мм.дд) в строке: 'if test -x "$p/$1" -a -f "$p/$1"; then'
2026-04-16 08:56:42,514 - WARNING - Ошибка парсинга: Не найдено две валюты в кавычках в строке: 'IFS="$saveIFS"'
2026-04-16 08:56:42,514 - WARNING - Ошибка парсинга: Не найдено две валюты в кавычках в строке: 'echo "$p/$1"'
2026-04-16 08:56:42,514 - WARNING - Ошибка парсинга: Не найдено две валюты в кавычках в строке: 'return 0'
2026-04-16 08:56:42,514 - WARNING - Ошибка парсинга: Не найдено две валюты в кавычках в строке: 'fi'
2026-04-16 08:56:42,514 - WARNING - Ошибка парсинга: Не найдено две валюты в кавычках в строке: 'done'
2026-04-16 08:56:42,514 - WARNING - Ошибка парсинга: Не найдено две валюты в кавычках в строке: 'IFS="$saveIFS"'
2026-04-16 08:56:42,514 - WARNING - Ошибка парсинга: Не найдено две валюты в кавычках в строке: 'return 1'
2026-04-16 08:56:42,514 - WARNING - Ошибка парсинга: Не найдено две валюты в кавычках в строке: '}'
2026-04-16 08:56:42,514 - WARNING - Ошибка парсинга: Не найдено две валюты в кавычках в строке: 'fi'
2026-04-16 08:56:42,514 - WARNING - Ошибка парсинга: Не найдено две валюты в кавычках в строке: '#'
2026-04-16 08:56:42,515 - WARNING - Ошибка парсинга: Не найдено две валюты в кавычках в строке: '# Search for OpenSSL headers and print versions'
2026-04-16 08:56:42,515 - WARNING - Ошибка парсинга: Не найдено две валюты в кавычках в строке: '#'
2026-04-16 08:56:42,515 - WARNING - Ошибка парсинга: Не найдено две валюты в кавычках в строке: 'echo Searching for OpenSSL header files.'
2026-04-16 08:56:42,515 - WARNING - Ошибка парсинга: Не найдено две валюты в кавычках в строке: 'if [ -x "`which locate`" ]'
2026-04-16 08:56:42,515 - WARNING - Ошибка парсинга: Не найдено две валюты в кавычках в строке: 'then'
2026-04-16 08:56:42,515 - WARNING - Ошибка парсинга: Не найдено две валюты в кавычках в строке: 'headers=`locate opensslv.h`'
2026-04-16 08:56:42,515 - WARNING - Ошибка парсинга: Не найдено две валюты в кавычках в строке: 'else'
2026-04-16 08:56:42,515 - WARNING - Ошибка парсинга: Не найдено две валюты в кавычках в строке: 'headers=`find / -name opensslv.h -print 2>/dev/null`'
2026-04-16 08:56:42,515 - WARNING - Ошибка парсинга: Не найдено две валюты в кавычках в строке: 'fi'
2026-04-16 08:56:42,515 - WARNING - Ошибка парсинга: Не найдено две валюты в кавычках в строке: 'for header in $headers'
2026-04-16 08:56:42,515 - WARNING - Ошибка парсинга: Не найдено две валюты в кавычках в строке: 'do'
2026-04-16 08:56:42,515 - WARNING - Ошибка парсинга: Не найдено две валюты в кавычках в строке: 'ver=`awk '/OPENSSL_VERSION_NUMBER/{printf \$3}' $header`'
2026-04-16 08:56:42,516 - WARNING - Ошибка парсинга: Не найдено две валюты в кавычках в строке: 'echo "$ver $header"'
2026-04-16 08:56:42,516 - WARNING - Ошибка парсинга: Не найдено две валюты в кавычках в строке: 'done'
2026-04-16 08:56:42,516 - WARNING - Ошибка парсинга: Не найдено две валюты в кавычках в строке: 'echo'
2026-04-16 08:56:42,516 - WARNING - Ошибка парсинга: Не найдено две валюты в кавычках в строке: '#'
2026-04-16 08:56:42,516 - WARNING - Ошибка парсинга: Не найдено две валюты в кавычках в строке: '# Search for shared libraries.'
2026-04-16 08:56:42,516 - WARNING - Ошибка парсинга: Не найдено две валюты в кавычках в строке: '# Relies on shared libraries looking like "libcrypto.s*"'
2026-04-16 08:56:42,516 - WARNING - Ошибка парсинга: Не найдено две валюты в кавычках в строке: '#'
2026-04-16 08:56:42,516 - WARNING - Ошибка парсинга: Не найдено две валюты в кавычках в строке: 'echo Searching for OpenSSL shared library files.'
2026-04-16 08:56:42,516 - WARNING - Ошибка парсинга: Не найдено две валюты в кавычках в строке: 'if [ -x "`which locate`" ]'
2026-04-16 08:56:42,516 - WARNING - Ошибка парсинга: Не найдено две валюты в кавычках в строке: 'then'
2026-04-16 08:56:42,516 - WARNING - Ошибка парсинга: Не найдено две валюты в кавычках в строке: 'libraries=`locate libcrypto.s`'
2026-04-16 08:56:42,516 - WARNING - Ошибка парсинга: Не найдено две валюты в кавычках в строке: 'else'
2026-04-16 08:56:42,516 - WARNING - Ошибка парсинга: Не найдено две валюты в кавычках в строке: 'libraries=`find / -name 'libcrypto.s*' -print 2>/dev/null`'
2026-04-16 08:56:42,516 - WARNING - Ошибка парсинга: Не найдено две валюты в кавычках в строке: 'fi'
2026-04-16 08:56:42,516 - WARNING - Ошибка парсинга: Не найдено две валюты в кавычках в строке: 'for lib in $libraries'
2026-04-16 08:56:42,516 - WARNING - Ошибка парсинга: Не найдено две валюты в кавычках в строке: 'do'
2026-04-16 08:56:42,516 - WARNING - Ошибка парсинга: Не найдено две валюты в кавычках в строке: '(echo "Trying libcrypto $lib" >>findssl.log'
2026-04-16 08:56:42,516 - WARNING - Ошибка парсинга: Не найдено две валюты в кавычках в строке: 'dir=`dirname $lib`'
2026-04-16 08:56:42,516 - WARNING - Ошибка парсинга: Не найдено две валюты в кавычках в строке: 'LIBPATH="$dir:$LIBPATH"'
2026-04-16 08:56:42,516 - WARNING - Ошибка парсинга: Не найдено две валюты в кавычках в строке: 'LD_LIBRARY_PATH="$dir:$LIBPATH"'
2026-04-16 08:56:42,517 - WARNING - Ошибка парсинга: Не найдено две валюты в кавычках в строке: 'LIBRARY_PATH="$dir:$LIBPATH"'
2026-04-16 08:56:42,517 - WARNING - Ошибка парсинга: Не найдено две валюты в кавычках в строке: 'export LIBPATH LD_LIBRARY_PATH LIBRARY_PATH'
2026-04-16 08:56:42,517 - WARNING - Ошибка парсинга: Не найдено две валюты в кавычках в строке: '${CC} -o conftest conftest.c $lib 2>>findssl.log'
2026-04-16 08:56:42,517 - WARNING - Ошибка парсинга: Не найдено две валюты в кавычках в строке: 'if [ -x ./conftest ]'
2026-04-16 08:56:42,517 - WARNING - Ошибка парсинга: Не найдено две валюты в кавычках в строке: 'then'
2026-04-16 08:56:42,517 - WARNING - Ошибка парсинга: Не найдено две валюты в кавычках в строке: 'ver=`./conftest 2>/dev/null`'
2026-04-16 08:56:42,517 - WARNING - Ошибка парсинга: Не найдено две валюты в кавычках в строке: 'rm -f ./conftest'
2026-04-16 08:56:42,517 - WARNING - Ошибка парсинга: Не найдено две валюты в кавычках в строке: 'echo "$ver $lib"'
2026-04-16 08:56:42,517 - WARNING - Ошибка парсинга: Не найдено две валюты в кавычках в строке: 'fi)'
2026-04-16 08:56:42,517 - WARNING - Ошибка парсинга: Не найдено две валюты в кавычках в строке: 'done'
2026-04-16 08:56:42,517 - WARNING - Ошибка парсинга: Не найдено две валюты в кавычках в строке: 'echo'
2026-04-16 08:56:42,517 - WARNING - Ошибка парсинга: Не найдено две валюты в кавычках в строке: '#'
2026-04-16 08:56:42,517 - WARNING - Ошибка парсинга: Не найдено две валюты в кавычках в строке: '# Search for static OpenSSL libraries and print versions'
2026-04-16 08:56:42,517 - WARNING - Ошибка парсинга: Не найдено две валюты в кавычках в строке: '#'
2026-04-16 08:56:42,517 - WARNING - Ошибка парсинга: Не найдено две валюты в кавычках в строке: 'echo Searching for OpenSSL static library files.'
2026-04-16 08:56:42,517 - WARNING - Ошибка парсинга: Не найдено две валюты в кавычках в строке: 'if [ -x "`which locate`" ]'
2026-04-16 08:56:42,517 - WARNING - Ошибка парсинга: Не найдено две валюты в кавычках в строке: 'then'
2026-04-16 08:56:42,517 - WARNING - Ошибка парсинга: Не найдено две валюты в кавычках в строке: 'libraries=`locate libcrypto.a`'
2026-04-16 08:56:42,517 - WARNING - Ошибка парсинга: Не найдено две валюты в кавычках в строке: 'else'
2026-04-16 08:56:42,517 - WARNING - Ошибка парсинга: Не найдено две валюты в кавычках в строке: 'libraries=`find / -name libcrypto.a -print 2>/dev/null`'
2026-04-16 08:56:42,517 - WARNING - Ошибка парсинга: Не найдено две валюты в кавычках в строке: 'fi'
2026-04-16 08:56:42,517 - WARNING - Ошибка парсинга: Не найдено две валюты в кавычках в строке: 'for lib in $libraries'
2026-04-16 08:56:42,517 - WARNING - Ошибка парсинга: Не найдено две валюты в кавычках в строке: 'do'
2026-04-16 08:56:42,518 - WARNING - Ошибка парсинга: Не найдено две валюты в кавычках в строке: 'libdir=`dirname $lib`'
2026-04-16 08:56:42,518 - WARNING - Ошибка парсинга: Не найдено две валюты в кавычках в строке: 'echo "Trying libcrypto $lib" >>findssl.log'
2026-04-16 08:56:42,518 - WARNING - Ошибка парсинга: Не найдено две валюты в кавычках в строке: '${CC} ${STATIC} -o conftest conftest.c -L${libdir} -lcrypto 2>>findssl.log'
2026-04-16 08:56:42,518 - WARNING - Ошибка парсинга: Не найдено две валюты в кавычках в строке: 'if [ -x ./conftest ]'
2026-04-16 08:56:42,518 - WARNING - Ошибка парсинга: Не найдено две валюты в кавычках в строке: 'then'
2026-04-16 08:56:42,518 - WARNING - Ошибка парсинга: Не найдено две валюты в кавычках в строке: 'ver=`./conftest 2>/dev/null`'
2026-04-16 08:56:42,518 - WARNING - Ошибка парсинга: Не найдено две валюты в кавычках в строке: 'rm -f ./conftest'
2026-04-16 08:56:42,518 - WARNING - Ошибка парсинга: Не найдено две валюты в кавычках в строке: 'echo "$ver $lib"'
2026-04-16 08:56:42,518 - WARNING - Ошибка парсинга: Не найдено две валюты в кавычках в строке: 'fi'
2026-04-16 08:56:42,518 - WARNING - Ошибка парсинга: Не найдено две валюты в кавычках в строке: 'done'
2026-04-16 08:56:42,518 - WARNING - Ошибка парсинга: Не найдено две валюты в кавычках в строке: '#'
2026-04-16 08:56:42,518 - WARNING - Ошибка парсинга: Не найдено две валюты в кавычках в строке: '# Clean up'
2026-04-16 08:56:42,518 - WARNING - Ошибка парсинга: Не найдено две валюты в кавычках в строке: '#'
2026-04-16 08:56:42,518 - WARNING - Ошибка парсинга: Не найдено две валюты в кавычках в строке: 'rm -f conftest.c'
